# JRE version: OpenJDK Runtime Environment (17.0.9) (build 17.0.9+0--11185874)
# Java VM: OpenJDK 64-Bit Server VM (17.0.9+0--11185874, mixed mode, tiered, compressed oops, compressed class ptrs, g1 gc, windows-amd64)
GC Precious Log:
 CPUs: 8 total, 8 available
 Memory: 16259M
 Large Page Support: Disabled
 NUMA Support: Disabled
 Compressed Oops: Enabled (Zero based)
 Heap Region Size: 2M
 Heap Min Capacity: 8M
 Heap Initial Capacity: 256M
 Heap Max Capacity: 4066M
 Pre-touch: Disabled
 Parallel Workers: 8
 Concurrent Workers: 2
 Concurrent Refinement Workers: 8
 Periodic GC: Disabled
Heap:
 garbage-first heap   total 141312K, used 83513K [0x0000000701e00000, 0x0000000800000000)
  region size 2048K, 1 young (2048K), 1 survivors (2048K)
 Metaspace       used 82805K, committed 83200K, reserved 1179648K
  class space    used 9061K, committed 9280K, reserved 1048576K
GC Heap History (20 events):
Event: 10.266 GC heap after
{Heap after GC invocations=23 (full 0):
 garbage-first heap   total 100352K, used 56687K [0x0000000701e00000, 0x0000000800000000)
  region size 2048K, 1 young (2048K), 1 survivors (2048K)
 Metaspace       used 59702K, committed 60032K, reserved 1114112K
  class space    used 6824K, committed 6976K, reserved 1048576K
}
Event: 11.311 GC heap before
{Heap before GC invocations=23 (full 0):
 garbage-first heap   total 100352K, used 79215K [0x0000000701e00000, 0x0000000800000000)
  region size 2048K, 12 young (24576K), 1 survivors (2048K)
 Metaspace       used 60206K, committed 60544K, reserved 1114112K
  class space    used 6826K, committed 6976K, reserved 1048576K
}
Event: 11.321 GC heap after
{Heap after GC invocations=24 (full 0):
 garbage-first heap   total 100352K, used 58547K [0x0000000701e00000, 0x0000000800000000)
  region size 2048K, 2 young (4096K), 2 survivors (4096K)
 Metaspace       used 60206K, committed 60544K, reserved 1114112K
  class space    used 6826K, committed 6976K, reserved 1048576K
}
Event: 12.064 GC heap before
{Heap before GC invocations=25 (full 0):
 garbage-first heap   total 110592K, used 76979K [0x0000000701e00000, 0x0000000800000000)
  region size 2048K, 11 young (22528K), 2 survivors (4096K)
 Metaspace       used 60549K, committed 60928K, reserved 1114112K
  class space    used 6847K, committed 7040K, reserved 1048576K
}
Event: 12.079 GC heap after
{Heap after GC invocations=26 (full 0):
 garbage-first heap   total 110592K, used 60508K [0x0000000701e00000, 0x0000000800000000)
  region size 2048K, 2 young (4096K), 2 survivors (4096K)
 Metaspace       used 60549K, committed 60928K, reserved 1114112K
  class space    used 6847K, committed 7040K, reserved 1048576K
}
Event: 12.768 GC heap before
{Heap before GC invocations=26 (full 0):
 garbage-first heap   total 110592K, used 76892K [0x0000000701e00000, 0x0000000800000000)
  region size 2048K, 11 young (22528K), 2 survivors (4096K)
 Metaspace       used 60930K, committed 61248K, reserved 1114112K
  class space    used 6885K, committed 7040K, reserved 1048576K
}
Event: 12.781 GC heap after
{Heap after GC invocations=27 (full 0):
 garbage-first heap   total 133120K, used 61669K [0x0000000701e00000, 0x0000000800000000)
  region size 2048K, 2 young (4096K), 2 survivors (4096K)
 Metaspace       used 60930K, committed 61248K, reserved 1114112K
  class space    used 6885K, committed 7040K, reserved 1048576K
}
Event: 14.205 GC heap before
{Heap before GC invocations=27 (full 0):
 garbage-first heap   total 133120K, used 106725K [0x0000000701e00000, 0x0000000800000000)
  region size 2048K, 23 young (47104K), 2 survivors (4096K)
 Metaspace       used 65213K, committed 65536K, reserved 1114112K
  class space    used 7338K, committed 7488K, reserved 1048576K
}
Event: 14.216 GC heap after
{Heap after GC invocations=28 (full 0):
 garbage-first heap   total 133120K, used 66921K [0x0000000701e00000, 0x0000000800000000)
  region size 2048K, 3 young (6144K), 3 survivors (6144K)
 Metaspace       used 65213K, committed 65536K, reserved 1114112K
  class space    used 7338K, committed 7488K, reserved 1048576K
}
Event: 15.526 GC heap before
{Heap before GC invocations=28 (full 0):
 garbage-first heap   total 133120K, used 105833K [0x0000000701e00000, 0x0000000800000000)
  region size 2048K, 22 young (45056K), 3 survivors (6144K)
 Metaspace       used 70950K, committed 71232K, reserved 1114112K
  class space    used 7919K, committed 8064K, reserved 1048576K
}
Event: 15.540 GC heap after
{Heap after GC invocations=29 (full 0):
 garbage-first heap   total 133120K, used 70446K [0x0000000701e00000, 0x0000000800000000)
  region size 2048K, 3 young (6144K), 3 survivors (6144K)
 Metaspace       used 70950K, committed 71232K, reserved 1114112K
  class space    used 7919K, committed 8064K, reserved 1048576K
}
Event: 16.512 GC heap before
{Heap before GC invocations=30 (full 0):
 garbage-first heap   total 133120K, used 107310K [0x0000000701e00000, 0x0000000800000000)
  region size 2048K, 21 young (43008K), 3 survivors (6144K)
 Metaspace       used 71846K, committed 72128K, reserved 1114112K
  class space    used 7990K, committed 8128K, reserved 1048576K
}
Event: 16.536 GC heap after
{Heap after GC invocations=31 (full 0):
 garbage-first heap   total 133120K, used 77862K [0x0000000701e00000, 0x0000000800000000)
  region size 2048K, 3 young (6144K), 3 survivors (6144K)
 Metaspace       used 71846K, committed 72128K, reserved 1114112K
  class space    used 7990K, committed 8128K, reserved 1048576K
}
Event: 17.283 GC heap before
{Heap before GC invocations=31 (full 0):
 garbage-first heap   total 133120K, used 104486K [0x0000000701e00000, 0x0000000800000000)
  region size 2048K, 16 young (32768K), 3 survivors (6144K)
 Metaspace       used 75206K, committed 75584K, reserved 1179648K
  class space    used 8352K, committed 8512K, reserved 1048576K
}
Event: 17.297 GC heap after
{Heap after GC invocations=32 (full 0):
 garbage-first heap   total 133120K, used 81717K [0x0000000701e00000, 0x0000000800000000)
  region size 2048K, 2 young (4096K), 2 survivors (4096K)
 Metaspace       used 75206K, committed 75584K, reserved 1179648K
  class space    used 8352K, committed 8512K, reserved 1048576K
}
Event: 17.875 GC heap before
{Heap before GC invocations=33 (full 0):
 garbage-first heap   total 141312K, used 102197K [0x0000000701e00000, 0x0000000800000000)
  region size 2048K, 14 young (28672K), 2 survivors (4096K)
 Metaspace       used 78601K, committed 79040K, reserved 1179648K
  class space    used 8695K, committed 8896K, reserved 1048576K
}
Event: 17.887 GC heap after
{Heap after GC invocations=34 (full 0):
 garbage-first heap   total 141312K, used 82922K [0x0000000701e00000, 0x0000000800000000)
  region size 2048K, 2 young (4096K), 2 survivors (4096K)
 Metaspace       used 78601K, committed 79040K, reserved 1179648K
  class space    used 8695K, committed 8896K, reserved 1048576K
}
Event: 17.933 GC heap before
{Heap before GC invocations=34 (full 0):
 garbage-first heap   total 141312K, used 84970K [0x0000000701e00000, 0x0000000800000000)
  region size 2048K, 3 young (6144K), 2 survivors (4096K)
 Metaspace       used 78937K, committed 79296K, reserved 1179648K
  class space    used 8737K, committed 8896K, reserved 1048576K
}
Event: 17.947 GC heap after
{Heap after GC invocations=35 (full 0):
 garbage-first heap   total 141312K, used 82081K [0x0000000701e00000, 0x0000000800000000)
  region size 2048K, 1 young (2048K), 1 survivors (2048K)
 Metaspace       used 78937K, committed 79296K, reserved 1179648K
  class space    used 8737K, committed 8896K, reserved 1048576K
}
Event: 19.270 GC heap before
{Heap before GC invocations=35 (full 0):
 garbage-first heap   total 141312K, used 112801K [0x0000000701e00000, 0x0000000800000000)
  region size 2048K, 16 young (32768K), 1 survivors (2048K)
 Metaspace       used 82805K, committed 83200K, reserved 1179648K
  class space    used 9061K, committed 9280K, reserved 1048576K
}

